<?xml version="1.0" encoding="UTF-8"?>
<testng-results ignored="0" total="1" passed="1" failed="0" skipped="0">
  <reporter-output>
  </reporter-output>
  <suite started-at="2022-09-20T01:52:44 IST" name="Default suite" finished-at="2022-09-20T01:52:57 IST" duration-ms="13623">
    <groups>
    </groups>
    <test started-at="2022-09-20T01:52:44 IST" name="Default test" finished-at="2022-09-20T01:52:57 IST" duration-ms="13623">
      <class name="easeMyTripTestCases.selectCheapestFlight">
        <test-method signature="selectFlightCheap()[pri:0, instance:easeMyTripTestCases.selectCheapestFlight@428640fa]" started-at="2022-09-20T01:52:44 IST" name="selectFlightCheap" finished-at="2022-09-20T01:52:57 IST" duration-ms="13594" status="PASS">
          <reporter-output>
          </reporter-output>
        </test-method> <!-- selectFlightCheap -->
      </class> <!-- easeMyTripTestCases.selectCheapestFlight -->
    </test> <!-- Default test -->
  </suite> <!-- Default suite -->
</testng-results>
